{"D:\\len\\NODE.JS\\nodejs-homework-rest-api\\app.js": {"path":"D:\\len\\NODE.JS\\nodejs-homework-rest-api\\app.js","statementMap":{"0":{"start":{"line":1,"column":16},"end":{"line":1,"column":34}},"1":{"start":{"line":2,"column":13},"end":{"line":2,"column":28}},"2":{"start":{"line":3,"column":15},"end":{"line":3,"column":32}},"3":{"start":{"line":4,"column":13},"end":{"line":4,"column":28}},"4":{"start":{"line":5,"column":15},"end":{"line":5,"column":32}},"5":{"start":{"line":6,"column":19},"end":{"line":6,"column":51}},"6":{"start":{"line":7,"column":0},"end":{"line":7,"column":27}},"7":{"start":{"line":8,"column":24},"end":{"line":8,"column":51}},"8":{"start":{"line":10,"column":12},"end":{"line":10,"column":21}},"9":{"start":{"line":12,"column":22},"end":{"line":12,"column":72}},"10":{"start":{"line":14,"column":0},"end":{"line":14,"column":18}},"11":{"start":{"line":15,"column":0},"end":{"line":15,"column":63}},"12":{"start":{"line":16,"column":0},"end":{"line":16,"column":60}},"13":{"start":{"line":17,"column":0},"end":{"line":17,"column":16}},"14":{"start":{"line":18,"column":0},"end":{"line":18,"column":24}},"15":{"start":{"line":19,"column":0},"end":{"line":19,"column":22}},"16":{"start":{"line":21,"column":0},"end":{"line":21,"column":42}},"17":{"start":{"line":23,"column":0},"end":{"line":25,"column":3}},"18":{"start":{"line":24,"column":2},"end":{"line":24,"column":77}},"19":{"start":{"line":27,"column":0},"end":{"line":34,"column":3}},"20":{"start":{"line":28,"column":17},"end":{"line":28,"column":34}},"21":{"start":{"line":29,"column":2},"end":{"line":33,"column":5}},"22":{"start":{"line":36,"column":0},"end":{"line":38,"column":3}},"23":{"start":{"line":37,"column":2},"end":{"line":37,"column":69}},"24":{"start":{"line":40,"column":0},"end":{"line":40,"column":21}}},"fnMap":{"0":{"name":"(anonymous_0)","decl":{"start":{"line":23,"column":8},"end":{"line":23,"column":9}},"loc":{"start":{"line":23,"column":22},"end":{"line":25,"column":1}},"line":23},"1":{"name":"(anonymous_1)","decl":{"start":{"line":27,"column":8},"end":{"line":27,"column":9}},"loc":{"start":{"line":27,"column":33},"end":{"line":34,"column":1}},"line":27},"2":{"name":"(anonymous_2)","decl":{"start":{"line":36,"column":33},"end":{"line":36,"column":34}},"loc":{"start":{"line":36,"column":54},"end":{"line":38,"column":1}},"line":36}},"branchMap":{"0":{"loc":{"start":{"line":12,"column":22},"end":{"line":12,"column":72}},"type":"cond-expr","locations":[{"start":{"line":12,"column":57},"end":{"line":12,"column":62}},{"start":{"line":12,"column":65},"end":{"line":12,"column":72}}],"line":12},"1":{"loc":{"start":{"line":16,"column":0},"end":{"line":16,"column":59}},"type":"binary-expr","locations":[{"start":{"line":16,"column":0},"end":{"line":16,"column":25}},{"start":{"line":16,"column":29},"end":{"line":16,"column":59}}],"line":16},"2":{"loc":{"start":{"line":28,"column":17},"end":{"line":28,"column":34}},"type":"binary-expr","locations":[{"start":{"line":28,"column":17},"end":{"line":28,"column":27}},{"start":{"line":28,"column":31},"end":{"line":28,"column":34}}],"line":28},"3":{"loc":{"start":{"line":30,"column":12},"end":{"line":30,"column":45}},"type":"cond-expr","locations":[{"start":{"line":30,"column":29},"end":{"line":30,"column":35}},{"start":{"line":30,"column":38},"end":{"line":30,"column":45}}],"line":30}},"s":{"0":1,"1":1,"2":1,"3":1,"4":1,"5":1,"6":1,"7":1,"8":1,"9":1,"10":1,"11":1,"12":1,"13":1,"14":1,"15":1,"16":1,"17":1,"18":1,"19":1,"20":0,"21":0,"22":1,"23":0,"24":1},"f":{"0":1,"1":0,"2":0},"b":{"0":[0,1],"1":[1,0],"2":[0,0],"3":[0,0]},"_coverageSchema":"1a1c01bbd47fc00a2c39e90264f33305004495a9","hash":"65ad34cb71c9d58bf2cf79863f127b9e6bbf2a86"}
,"D:\\len\\NODE.JS\\nodejs-homework-rest-api\\config\\passport.js": {"path":"D:\\len\\NODE.JS\\nodejs-homework-rest-api\\config\\passport.js","statementMap":{"0":{"start":{"line":1,"column":17},"end":{"line":1,"column":36}},"1":{"start":{"line":2,"column":46},"end":{"line":2,"column":69}},"2":{"start":{"line":3,"column":0},"end":{"line":3,"column":27}},"3":{"start":{"line":4,"column":19},"end":{"line":4,"column":41}},"4":{"start":{"line":5,"column":14},"end":{"line":5,"column":46}},"5":{"start":{"line":7,"column":13},"end":{"line":7,"column":15}},"6":{"start":{"line":8,"column":0},"end":{"line":8,"column":63}},"7":{"start":{"line":9,"column":0},"end":{"line":9,"column":30}},"8":{"start":{"line":11,"column":0},"end":{"line":26,"column":2}},"9":{"start":{"line":13,"column":4},"end":{"line":24,"column":5}},"10":{"start":{"line":14,"column":19},"end":{"line":14,"column":51}},"11":{"start":{"line":15,"column":6},"end":{"line":17,"column":7}},"12":{"start":{"line":16,"column":8},"end":{"line":16,"column":49}},"13":{"start":{"line":18,"column":6},"end":{"line":20,"column":7}},"14":{"start":{"line":19,"column":8},"end":{"line":19,"column":33}},"15":{"start":{"line":21,"column":6},"end":{"line":21,"column":30}},"16":{"start":{"line":23,"column":6},"end":{"line":23,"column":23}}},"fnMap":{"0":{"name":"(anonymous_0)","decl":{"start":{"line":12,"column":24},"end":{"line":12,"column":25}},"loc":{"start":{"line":12,"column":49},"end":{"line":25,"column":3}},"line":12}},"branchMap":{"0":{"loc":{"start":{"line":15,"column":6},"end":{"line":17,"column":7}},"type":"if","locations":[{"start":{"line":15,"column":6},"end":{"line":17,"column":7}},{"start":{"line":15,"column":6},"end":{"line":17,"column":7}}],"line":15},"1":{"loc":{"start":{"line":18,"column":6},"end":{"line":20,"column":7}},"type":"if","locations":[{"start":{"line":18,"column":6},"end":{"line":20,"column":7}},{"start":{"line":18,"column":6},"end":{"line":20,"column":7}}],"line":18}},"s":{"0":2,"1":2,"2":2,"3":2,"4":2,"5":2,"6":2,"7":2,"8":2,"9":1,"10":1,"11":1,"12":0,"13":1,"14":0,"15":1,"16":0},"f":{"0":1},"b":{"0":[0,1],"1":[0,1]},"_coverageSchema":"1a1c01bbd47fc00a2c39e90264f33305004495a9","hash":"87adee164cebd7bc744d797fde72c9ddde410864"}
,"D:\\len\\NODE.JS\\nodejs-homework-rest-api\\controllers\\contacts.js": {"path":"D:\\len\\NODE.JS\\nodejs-homework-rest-api\\controllers\\contacts.js","statementMap":{"0":{"start":{"line":1,"column":17},"end":{"line":1,"column":52}},"1":{"start":{"line":3,"column":15},"end":{"line":19,"column":1}},"2":{"start":{"line":4,"column":2},"end":{"line":18,"column":3}},"3":{"start":{"line":5,"column":19},"end":{"line":5,"column":30}},"4":{"start":{"line":6,"column":40},"end":{"line":9,"column":5}},"5":{"start":{"line":10,"column":4},"end":{"line":10,"column":29}},"6":{"start":{"line":11,"column":4},"end":{"line":15,"column":7}},"7":{"start":{"line":17,"column":4},"end":{"line":17,"column":12}},"8":{"start":{"line":21,"column":16},"end":{"line":32,"column":1}},"9":{"start":{"line":22,"column":2},"end":{"line":31,"column":3}},"10":{"start":{"line":23,"column":19},"end":{"line":23,"column":30}},"11":{"start":{"line":24,"column":20},"end":{"line":24,"column":72}},"12":{"start":{"line":25,"column":4},"end":{"line":27,"column":5}},"13":{"start":{"line":26,"column":6},"end":{"line":26,"column":75}},"14":{"start":{"line":28,"column":4},"end":{"line":28,"column":74}},"15":{"start":{"line":30,"column":4},"end":{"line":30,"column":12}},"16":{"start":{"line":34,"column":15},"end":{"line":52,"column":1}},"17":{"start":{"line":35,"column":2},"end":{"line":51,"column":3}},"18":{"start":{"line":36,"column":19},"end":{"line":36,"column":30}},"19":{"start":{"line":37,"column":4},"end":{"line":39,"column":5}},"20":{"start":{"line":38,"column":6},"end":{"line":38,"column":78}},"21":{"start":{"line":40,"column":20},"end":{"line":40,"column":63}},"22":{"start":{"line":41,"column":4},"end":{"line":45,"column":7}},"23":{"start":{"line":47,"column":4},"end":{"line":49,"column":5}},"24":{"start":{"line":48,"column":6},"end":{"line":48,"column":21}},"25":{"start":{"line":50,"column":4},"end":{"line":50,"column":12}},"26":{"start":{"line":54,"column":15},"end":{"line":70,"column":1}},"27":{"start":{"line":55,"column":2},"end":{"line":69,"column":3}},"28":{"start":{"line":56,"column":19},"end":{"line":56,"column":30}},"29":{"start":{"line":57,"column":20},"end":{"line":57,"column":71}},"30":{"start":{"line":58,"column":4},"end":{"line":65,"column":5}},"31":{"start":{"line":59,"column":6},"end":{"line":64,"column":9}},"32":{"start":{"line":66,"column":4},"end":{"line":66,"column":74}},"33":{"start":{"line":68,"column":4},"end":{"line":68,"column":12}},"34":{"start":{"line":72,"column":15},"end":{"line":96,"column":1}},"35":{"start":{"line":73,"column":2},"end":{"line":95,"column":3}},"36":{"start":{"line":74,"column":19},"end":{"line":74,"column":30}},"37":{"start":{"line":75,"column":4},"end":{"line":75,"column":26}},"38":{"start":{"line":76,"column":20},"end":{"line":80,"column":5}},"39":{"start":{"line":82,"column":4},"end":{"line":89,"column":5}},"40":{"start":{"line":83,"column":6},"end":{"line":88,"column":9}},"41":{"start":{"line":90,"column":4},"end":{"line":92,"column":67}},"42":{"start":{"line":94,"column":4},"end":{"line":94,"column":12}},"43":{"start":{"line":98,"column":0},"end":{"line":104,"column":2}}},"fnMap":{"0":{"name":"(anonymous_0)","decl":{"start":{"line":3,"column":15},"end":{"line":3,"column":16}},"loc":{"start":{"line":3,"column":41},"end":{"line":19,"column":1}},"line":3},"1":{"name":"(anonymous_1)","decl":{"start":{"line":21,"column":16},"end":{"line":21,"column":17}},"loc":{"start":{"line":21,"column":42},"end":{"line":32,"column":1}},"line":21},"2":{"name":"(anonymous_2)","decl":{"start":{"line":34,"column":15},"end":{"line":34,"column":16}},"loc":{"start":{"line":34,"column":41},"end":{"line":52,"column":1}},"line":34},"3":{"name":"(anonymous_3)","decl":{"start":{"line":54,"column":15},"end":{"line":54,"column":16}},"loc":{"start":{"line":54,"column":41},"end":{"line":70,"column":1}},"line":54},"4":{"name":"(anonymous_4)","decl":{"start":{"line":72,"column":15},"end":{"line":72,"column":16}},"loc":{"start":{"line":72,"column":41},"end":{"line":96,"column":1}},"line":72}},"branchMap":{"0":{"loc":{"start":{"line":25,"column":4},"end":{"line":27,"column":5}},"type":"if","locations":[{"start":{"line":25,"column":4},"end":{"line":27,"column":5}},{"start":{"line":25,"column":4},"end":{"line":27,"column":5}}],"line":25},"1":{"loc":{"start":{"line":37,"column":4},"end":{"line":39,"column":5}},"type":"if","locations":[{"start":{"line":37,"column":4},"end":{"line":39,"column":5}},{"start":{"line":37,"column":4},"end":{"line":39,"column":5}}],"line":37},"2":{"loc":{"start":{"line":37,"column":8},"end":{"line":37,"column":60}},"type":"binary-expr","locations":[{"start":{"line":37,"column":8},"end":{"line":37,"column":22}},{"start":{"line":37,"column":26},"end":{"line":37,"column":41}},{"start":{"line":37,"column":45},"end":{"line":37,"column":60}}],"line":37},"3":{"loc":{"start":{"line":47,"column":4},"end":{"line":49,"column":5}},"type":"if","locations":[{"start":{"line":47,"column":4},"end":{"line":49,"column":5}},{"start":{"line":47,"column":4},"end":{"line":49,"column":5}}],"line":47},"4":{"loc":{"start":{"line":58,"column":4},"end":{"line":65,"column":5}},"type":"if","locations":[{"start":{"line":58,"column":4},"end":{"line":65,"column":5}},{"start":{"line":58,"column":4},"end":{"line":65,"column":5}}],"line":58},"5":{"loc":{"start":{"line":82,"column":4},"end":{"line":89,"column":5}},"type":"if","locations":[{"start":{"line":82,"column":4},"end":{"line":89,"column":5}},{"start":{"line":82,"column":4},"end":{"line":89,"column":5}}],"line":82}},"s":{"0":1,"1":1,"2":0,"3":0,"4":0,"5":0,"6":0,"7":0,"8":1,"9":0,"10":0,"11":0,"12":0,"13":0,"14":0,"15":0,"16":1,"17":0,"18":0,"19":0,"20":0,"21":0,"22":0,"23":0,"24":0,"25":0,"26":1,"27":0,"28":0,"29":0,"30":0,"31":0,"32":0,"33":0,"34":1,"35":0,"36":0,"37":0,"38":0,"39":0,"40":0,"41":0,"42":0,"43":1},"f":{"0":0,"1":0,"2":0,"3":0,"4":0},"b":{"0":[0,0],"1":[0,0],"2":[0,0,0],"3":[0,0],"4":[0,0],"5":[0,0]},"_coverageSchema":"1a1c01bbd47fc00a2c39e90264f33305004495a9","hash":"52a3f77dca06cb4967165edd3e515d87eda9a528"}
,"D:\\len\\NODE.JS\\nodejs-homework-rest-api\\controllers\\users.js": {"path":"D:\\len\\NODE.JS\\nodejs-homework-rest-api\\controllers\\users.js","statementMap":{"0":{"start":{"line":1,"column":14},"end":{"line":1,"column":46}},"1":{"start":{"line":2,"column":21},"end":{"line":2,"column":52}},"2":{"start":{"line":3,"column":12},"end":{"line":3,"column":35}},"3":{"start":{"line":4,"column":11},"end":{"line":4,"column":33}},"4":{"start":{"line":5,"column":13},"end":{"line":5,"column":28}},"5":{"start":{"line":7,"column":0},"end":{"line":7,"column":27}},"6":{"start":{"line":8,"column":28},"end":{"line":8,"column":63}},"7":{"start":{"line":10,"column":19},"end":{"line":10,"column":41}},"8":{"start":{"line":12,"column":15},"end":{"line":31,"column":1}},"9":{"start":{"line":13,"column":2},"end":{"line":30,"column":3}},"10":{"start":{"line":14,"column":17},"end":{"line":14,"column":56}},"11":{"start":{"line":15,"column":4},"end":{"line":21,"column":5}},"12":{"start":{"line":16,"column":6},"end":{"line":20,"column":9}},"13":{"start":{"line":22,"column":48},"end":{"line":22,"column":76}},"14":{"start":{"line":23,"column":4},"end":{"line":27,"column":7}},"15":{"start":{"line":29,"column":4},"end":{"line":29,"column":12}},"16":{"start":{"line":33,"column":14},"end":{"line":56,"column":1}},"17":{"start":{"line":34,"column":2},"end":{"line":55,"column":3}},"18":{"start":{"line":35,"column":17},"end":{"line":35,"column":56}},"19":{"start":{"line":36,"column":28},"end":{"line":36,"column":74}},"20":{"start":{"line":37,"column":4},"end":{"line":43,"column":5}},"21":{"start":{"line":38,"column":6},"end":{"line":42,"column":9}},"22":{"start":{"line":44,"column":15},"end":{"line":44,"column":22}},"23":{"start":{"line":45,"column":20},"end":{"line":45,"column":26}},"24":{"start":{"line":46,"column":18},"end":{"line":46,"column":68}},"25":{"start":{"line":47,"column":4},"end":{"line":47,"column":39}},"26":{"start":{"line":48,"column":4},"end":{"line":52,"column":7}},"27":{"start":{"line":54,"column":4},"end":{"line":54,"column":12}},"28":{"start":{"line":58,"column":15},"end":{"line":67,"column":1}},"29":{"start":{"line":59,"column":2},"end":{"line":66,"column":3}},"30":{"start":{"line":60,"column":15},"end":{"line":60,"column":26}},"31":{"start":{"line":61,"column":4},"end":{"line":61,"column":38}},"32":{"start":{"line":62,"column":4},"end":{"line":62,"column":52}},"33":{"start":{"line":64,"column":4},"end":{"line":64,"column":19}},"34":{"start":{"line":65,"column":4},"end":{"line":65,"column":12}},"35":{"start":{"line":69,"column":15},"end":{"line":93,"column":1}},"36":{"start":{"line":70,"column":2},"end":{"line":92,"column":3}},"37":{"start":{"line":71,"column":19},"end":{"line":71,"column":30}},"38":{"start":{"line":72,"column":4},"end":{"line":74,"column":5}},"39":{"start":{"line":73,"column":6},"end":{"line":73,"column":64}},"40":{"start":{"line":75,"column":40},"end":{"line":75,"column":68}},"41":{"start":{"line":76,"column":20},"end":{"line":76,"column":59}},"42":{"start":{"line":77,"column":4},"end":{"line":84,"column":5}},"43":{"start":{"line":78,"column":6},"end":{"line":83,"column":9}},"44":{"start":{"line":85,"column":4},"end":{"line":89,"column":7}},"45":{"start":{"line":91,"column":4},"end":{"line":91,"column":12}},"46":{"start":{"line":95,"column":19},"end":{"line":106,"column":1}},"47":{"start":{"line":96,"column":2},"end":{"line":105,"column":3}},"48":{"start":{"line":97,"column":44},"end":{"line":97,"column":52}},"49":{"start":{"line":98,"column":4},"end":{"line":102,"column":7}},"50":{"start":{"line":104,"column":4},"end":{"line":104,"column":12}},"51":{"start":{"line":108,"column":16},"end":{"line":125,"column":1}},"52":{"start":{"line":109,"column":2},"end":{"line":124,"column":3}},"53":{"start":{"line":110,"column":15},"end":{"line":110,"column":26}},"54":{"start":{"line":111,"column":20},"end":{"line":111,"column":72}},"55":{"start":{"line":112,"column":22},"end":{"line":112,"column":78}},"56":{"start":{"line":114,"column":4},"end":{"line":118,"column":5}},"57":{"start":{"line":115,"column":6},"end":{"line":115,"column":79}},"58":{"start":{"line":117,"column":6},"end":{"line":117,"column":29}},"59":{"start":{"line":120,"column":4},"end":{"line":120,"column":44}},"60":{"start":{"line":121,"column":4},"end":{"line":121,"column":76}},"61":{"start":{"line":123,"column":4},"end":{"line":123,"column":16}},"62":{"start":{"line":127,"column":0},"end":{"line":127,"column":72}}},"fnMap":{"0":{"name":"(anonymous_0)","decl":{"start":{"line":12,"column":15},"end":{"line":12,"column":16}},"loc":{"start":{"line":12,"column":41},"end":{"line":31,"column":1}},"line":12},"1":{"name":"(anonymous_1)","decl":{"start":{"line":33,"column":14},"end":{"line":33,"column":15}},"loc":{"start":{"line":33,"column":40},"end":{"line":56,"column":1}},"line":33},"2":{"name":"(anonymous_2)","decl":{"start":{"line":58,"column":15},"end":{"line":58,"column":16}},"loc":{"start":{"line":58,"column":41},"end":{"line":67,"column":1}},"line":58},"3":{"name":"(anonymous_3)","decl":{"start":{"line":69,"column":15},"end":{"line":69,"column":16}},"loc":{"start":{"line":69,"column":41},"end":{"line":93,"column":1}},"line":69},"4":{"name":"(anonymous_4)","decl":{"start":{"line":95,"column":19},"end":{"line":95,"column":20}},"loc":{"start":{"line":95,"column":45},"end":{"line":106,"column":1}},"line":95},"5":{"name":"(anonymous_5)","decl":{"start":{"line":108,"column":16},"end":{"line":108,"column":17}},"loc":{"start":{"line":108,"column":42},"end":{"line":125,"column":1}},"line":108}},"branchMap":{"0":{"loc":{"start":{"line":15,"column":4},"end":{"line":21,"column":5}},"type":"if","locations":[{"start":{"line":15,"column":4},"end":{"line":21,"column":5}},{"start":{"line":15,"column":4},"end":{"line":21,"column":5}}],"line":15},"1":{"loc":{"start":{"line":37,"column":4},"end":{"line":43,"column":5}},"type":"if","locations":[{"start":{"line":37,"column":4},"end":{"line":43,"column":5}},{"start":{"line":37,"column":4},"end":{"line":43,"column":5}}],"line":37},"2":{"loc":{"start":{"line":37,"column":8},"end":{"line":37,"column":33}},"type":"binary-expr","locations":[{"start":{"line":37,"column":8},"end":{"line":37,"column":13}},{"start":{"line":37,"column":17},"end":{"line":37,"column":33}}],"line":37},"3":{"loc":{"start":{"line":72,"column":4},"end":{"line":74,"column":5}},"type":"if","locations":[{"start":{"line":72,"column":4},"end":{"line":74,"column":5}},{"start":{"line":72,"column":4},"end":{"line":74,"column":5}}],"line":72},"4":{"loc":{"start":{"line":77,"column":4},"end":{"line":84,"column":5}},"type":"if","locations":[{"start":{"line":77,"column":4},"end":{"line":84,"column":5}},{"start":{"line":77,"column":4},"end":{"line":84,"column":5}}],"line":77}},"s":{"0":1,"1":1,"2":1,"3":1,"4":1,"5":1,"6":1,"7":1,"8":1,"9":2,"10":2,"11":2,"12":1,"13":1,"14":1,"15":0,"16":1,"17":1,"18":1,"19":1,"20":1,"21":0,"22":1,"23":1,"24":1,"25":1,"26":1,"27":0,"28":1,"29":0,"30":0,"31":0,"32":0,"33":0,"34":0,"35":1,"36":0,"37":0,"38":0,"39":0,"40":0,"41":0,"42":0,"43":0,"44":0,"45":0,"46":1,"47":0,"48":0,"49":0,"50":0,"51":1,"52":1,"53":1,"54":1,"55":1,"56":1,"57":1,"58":1,"59":1,"60":1,"61":0,"62":1},"f":{"0":2,"1":1,"2":0,"3":0,"4":0,"5":1},"b":{"0":[1,1],"1":[0,1],"2":[1,1],"3":[0,0],"4":[0,0]},"_coverageSchema":"1a1c01bbd47fc00a2c39e90264f33305004495a9","hash":"5957c4bda2ffb47e6a1b6bedd236f13978e1c7da"}
,"D:\\len\\NODE.JS\\nodejs-homework-rest-api\\helpers\\constants.js": {"path":"D:\\len\\NODE.JS\\nodejs-homework-rest-api\\helpers\\constants.js","statementMap":{"0":{"start":{"line":1,"column":21},"end":{"line":5,"column":1}},"1":{"start":{"line":7,"column":17},"end":{"line":17,"column":1}},"2":{"start":{"line":19,"column":0},"end":{"line":19,"column":44}}},"fnMap":{},"branchMap":{},"s":{"0":2,"1":2,"2":2},"f":{},"b":{},"_coverageSchema":"1a1c01bbd47fc00a2c39e90264f33305004495a9","hash":"e7973783799aec364673ad5931bdbbb3e1ded697"}
,"D:\\len\\NODE.JS\\nodejs-homework-rest-api\\helpers\\create-folder.js": {"path":"D:\\len\\NODE.JS\\nodejs-homework-rest-api\\helpers\\create-folder.js","statementMap":{"0":{"start":{"line":1,"column":11},"end":{"line":1,"column":33}},"1":{"start":{"line":3,"column":21},"end":{"line":8,"column":1}},"2":{"start":{"line":4,"column":2},"end":{"line":7,"column":24}},"3":{"start":{"line":6,"column":16},"end":{"line":6,"column":20}},"4":{"start":{"line":7,"column":17},"end":{"line":7,"column":22}},"5":{"start":{"line":10,"column":31},"end":{"line":14,"column":1}},"6":{"start":{"line":11,"column":2},"end":{"line":13,"column":3}},"7":{"start":{"line":12,"column":4},"end":{"line":12,"column":27}},"8":{"start":{"line":16,"column":0},"end":{"line":16,"column":40}}},"fnMap":{"0":{"name":"(anonymous_0)","decl":{"start":{"line":3,"column":21},"end":{"line":3,"column":22}},"loc":{"start":{"line":3,"column":31},"end":{"line":8,"column":1}},"line":3},"1":{"name":"(anonymous_1)","decl":{"start":{"line":6,"column":10},"end":{"line":6,"column":11}},"loc":{"start":{"line":6,"column":16},"end":{"line":6,"column":20}},"line":6},"2":{"name":"(anonymous_2)","decl":{"start":{"line":7,"column":11},"end":{"line":7,"column":12}},"loc":{"start":{"line":7,"column":17},"end":{"line":7,"column":22}},"line":7},"3":{"name":"(anonymous_3)","decl":{"start":{"line":10,"column":31},"end":{"line":10,"column":32}},"loc":{"start":{"line":10,"column":49},"end":{"line":14,"column":1}},"line":10}},"branchMap":{"0":{"loc":{"start":{"line":11,"column":2},"end":{"line":13,"column":3}},"type":"if","locations":[{"start":{"line":11,"column":2},"end":{"line":13,"column":3}},{"start":{"line":11,"column":2},"end":{"line":13,"column":3}}],"line":11}},"s":{"0":1,"1":1,"2":1,"3":0,"4":1,"5":1,"6":1,"7":1,"8":1},"f":{"0":1,"1":0,"2":1,"3":1},"b":{"0":[1,0]},"_coverageSchema":"1a1c01bbd47fc00a2c39e90264f33305004495a9","hash":"0d57d95c2564d7a5e4c2af7d8f2214fa1728d24c"}
,"D:\\len\\NODE.JS\\nodejs-homework-rest-api\\helpers\\guard.js": {"path":"D:\\len\\NODE.JS\\nodejs-homework-rest-api\\helpers\\guard.js","statementMap":{"0":{"start":{"line":1,"column":17},"end":{"line":1,"column":36}},"1":{"start":{"line":2,"column":0},"end":{"line":2,"column":30}},"2":{"start":{"line":3,"column":21},"end":{"line":3,"column":43}},"3":{"start":{"line":5,"column":14},"end":{"line":24,"column":1}},"4":{"start":{"line":6,"column":2},"end":{"line":23,"column":21}},"5":{"start":{"line":7,"column":23},"end":{"line":7,"column":47}},"6":{"start":{"line":8,"column":16},"end":{"line":8,"column":20}},"7":{"start":{"line":9,"column":4},"end":{"line":11,"column":5}},"8":{"start":{"line":10,"column":6},"end":{"line":10,"column":39}},"9":{"start":{"line":13,"column":4},"end":{"line":19,"column":5}},"10":{"start":{"line":14,"column":6},"end":{"line":18,"column":9}},"11":{"start":{"line":21,"column":4},"end":{"line":21,"column":20}},"12":{"start":{"line":22,"column":4},"end":{"line":22,"column":18}},"13":{"start":{"line":26,"column":0},"end":{"line":26,"column":23}}},"fnMap":{"0":{"name":"(anonymous_0)","decl":{"start":{"line":5,"column":14},"end":{"line":5,"column":15}},"loc":{"start":{"line":5,"column":34},"end":{"line":24,"column":1}},"line":5},"1":{"name":"(anonymous_1)","decl":{"start":{"line":6,"column":51},"end":{"line":6,"column":52}},"loc":{"start":{"line":6,"column":66},"end":{"line":23,"column":3}},"line":6}},"branchMap":{"0":{"loc":{"start":{"line":9,"column":4},"end":{"line":11,"column":5}},"type":"if","locations":[{"start":{"line":9,"column":4},"end":{"line":11,"column":5}},{"start":{"line":9,"column":4},"end":{"line":11,"column":5}}],"line":9},"1":{"loc":{"start":{"line":13,"column":4},"end":{"line":19,"column":5}},"type":"if","locations":[{"start":{"line":13,"column":4},"end":{"line":19,"column":5}},{"start":{"line":13,"column":4},"end":{"line":19,"column":5}}],"line":13},"2":{"loc":{"start":{"line":13,"column":8},"end":{"line":13,"column":45}},"type":"binary-expr","locations":[{"start":{"line":13,"column":8},"end":{"line":13,"column":11}},{"start":{"line":13,"column":15},"end":{"line":13,"column":20}},{"start":{"line":13,"column":24},"end":{"line":13,"column":45}}],"line":13}},"s":{"0":2,"1":2,"2":2,"3":2,"4":4,"5":4,"6":4,"7":4,"8":4,"9":4,"10":2,"11":2,"12":2,"13":2},"f":{"0":4,"1":4},"b":{"0":[4,0],"1":[2,2],"2":[4,4,3]},"_coverageSchema":"1a1c01bbd47fc00a2c39e90264f33305004495a9","hash":"c0b6758c5a2f7142181f80d0f8491f044795a82f"}
,"D:\\len\\NODE.JS\\nodejs-homework-rest-api\\helpers\\upload.js": {"path":"D:\\len\\NODE.JS\\nodejs-homework-rest-api\\helpers\\upload.js","statementMap":{"0":{"start":{"line":1,"column":15},"end":{"line":1,"column":32}},"1":{"start":{"line":3,"column":0},"end":{"line":3,"column":27}},"2":{"start":{"line":4,"column":19},"end":{"line":4,"column":41}},"3":{"start":{"line":6,"column":16},"end":{"line":13,"column":2}},"4":{"start":{"line":8,"column":4},"end":{"line":8,"column":25}},"5":{"start":{"line":11,"column":4},"end":{"line":11,"column":62}},"6":{"start":{"line":15,"column":15},"end":{"line":27,"column":2}},"7":{"start":{"line":19,"column":4},"end":{"line":22,"column":5}},"8":{"start":{"line":20,"column":6},"end":{"line":20,"column":21}},"9":{"start":{"line":21,"column":6},"end":{"line":21,"column":13}},"10":{"start":{"line":23,"column":18},"end":{"line":23,"column":59}},"11":{"start":{"line":24,"column":4},"end":{"line":24,"column":23}},"12":{"start":{"line":25,"column":4},"end":{"line":25,"column":14}},"13":{"start":{"line":29,"column":0},"end":{"line":29,"column":24}}},"fnMap":{"0":{"name":"(anonymous_0)","decl":{"start":{"line":7,"column":15},"end":{"line":7,"column":16}},"loc":{"start":{"line":7,"column":40},"end":{"line":9,"column":3}},"line":7},"1":{"name":"(anonymous_1)","decl":{"start":{"line":10,"column":12},"end":{"line":10,"column":13}},"loc":{"start":{"line":10,"column":37},"end":{"line":12,"column":3}},"line":10},"2":{"name":"(anonymous_2)","decl":{"start":{"line":18,"column":14},"end":{"line":18,"column":15}},"loc":{"start":{"line":18,"column":33},"end":{"line":26,"column":3}},"line":18}},"branchMap":{"0":{"loc":{"start":{"line":19,"column":4},"end":{"line":22,"column":5}},"type":"if","locations":[{"start":{"line":19,"column":4},"end":{"line":22,"column":5}},{"start":{"line":19,"column":4},"end":{"line":22,"column":5}}],"line":19}},"s":{"0":1,"1":1,"2":1,"3":1,"4":1,"5":1,"6":1,"7":1,"8":1,"9":1,"10":0,"11":0,"12":0,"13":1},"f":{"0":1,"1":1,"2":1},"b":{"0":[1,0]},"_coverageSchema":"1a1c01bbd47fc00a2c39e90264f33305004495a9","hash":"51c42d155072dccc12dc2768a4bfad416763435d"}
,"D:\\len\\NODE.JS\\nodejs-homework-rest-api\\model\\contact.js": {"path":"D:\\len\\NODE.JS\\nodejs-homework-rest-api\\model\\contact.js","statementMap":{"0":{"start":{"line":1,"column":39},"end":{"line":1,"column":58}},"1":{"start":{"line":2,"column":25},"end":{"line":2,"column":56}},"2":{"start":{"line":3,"column":22},"end":{"line":41,"column":1}},"3":{"start":{"line":26,"column":22},"end":{"line":26,"column":39}},"4":{"start":{"line":35,"column":8},"end":{"line":35,"column":23}},"5":{"start":{"line":36,"column":8},"end":{"line":36,"column":19}},"6":{"start":{"line":43,"column":0},"end":{"line":45,"column":3}},"7":{"start":{"line":44,"column":2},"end":{"line":44,"column":74}},"8":{"start":{"line":46,"column":0},"end":{"line":46,"column":39}},"9":{"start":{"line":47,"column":16},"end":{"line":47,"column":47}},"10":{"start":{"line":49,"column":0},"end":{"line":49,"column":25}}},"fnMap":{"0":{"name":"(anonymous_0)","decl":{"start":{"line":26,"column":11},"end":{"line":26,"column":12}},"loc":{"start":{"line":26,"column":22},"end":{"line":26,"column":39}},"line":26},"1":{"name":"(anonymous_1)","decl":{"start":{"line":34,"column":17},"end":{"line":34,"column":18}},"loc":{"start":{"line":34,"column":37},"end":{"line":37,"column":7}},"line":34},"2":{"name":"(anonymous_2)","decl":{"start":{"line":43,"column":42},"end":{"line":43,"column":43}},"loc":{"start":{"line":43,"column":54},"end":{"line":45,"column":1}},"line":43}},"branchMap":{"0":{"loc":{"start":{"line":26,"column":22},"end":{"line":26,"column":39}},"type":"cond-expr","locations":[{"start":{"line":26,"column":30},"end":{"line":26,"column":32}},{"start":{"line":26,"column":35},"end":{"line":26,"column":39}}],"line":26}},"s":{"0":1,"1":1,"2":1,"3":0,"4":0,"5":0,"6":1,"7":0,"8":1,"9":1,"10":1},"f":{"0":0,"1":0,"2":0},"b":{"0":[0,0]},"_coverageSchema":"1a1c01bbd47fc00a2c39e90264f33305004495a9","hash":"e600d4f21cd413b1c8ef07e06c610be0ddb486e4"}
,"D:\\len\\NODE.JS\\nodejs-homework-rest-api\\model\\db.js": {"path":"D:\\len\\NODE.JS\\nodejs-homework-rest-api\\model\\db.js","statementMap":{"0":{"start":{"line":1,"column":17},"end":{"line":1,"column":36}},"1":{"start":{"line":2,"column":0},"end":{"line":2,"column":27}},"2":{"start":{"line":4,"column":12},"end":{"line":4,"column":16}},"3":{"start":{"line":6,"column":0},"end":{"line":10,"column":1}},"4":{"start":{"line":7,"column":2},"end":{"line":7,"column":34}},"5":{"start":{"line":9,"column":2},"end":{"line":9,"column":29}},"6":{"start":{"line":12,"column":11},"end":{"line":18,"column":2}},"7":{"start":{"line":20,"column":0},"end":{"line":22,"column":3}},"8":{"start":{"line":21,"column":2},"end":{"line":21,"column":48}},"9":{"start":{"line":24,"column":0},"end":{"line":26,"column":3}},"10":{"start":{"line":25,"column":2},"end":{"line":25,"column":55}},"11":{"start":{"line":28,"column":0},"end":{"line":30,"column":3}},"12":{"start":{"line":29,"column":2},"end":{"line":29,"column":39}},"13":{"start":{"line":32,"column":0},"end":{"line":37,"column":3}},"14":{"start":{"line":33,"column":2},"end":{"line":36,"column":5}},"15":{"start":{"line":34,"column":4},"end":{"line":34,"column":47}},"16":{"start":{"line":35,"column":4},"end":{"line":35,"column":20}},"17":{"start":{"line":39,"column":0},"end":{"line":39,"column":20}}},"fnMap":{"0":{"name":"(anonymous_0)","decl":{"start":{"line":20,"column":36},"end":{"line":20,"column":37}},"loc":{"start":{"line":20,"column":42},"end":{"line":22,"column":1}},"line":20},"1":{"name":"(anonymous_1)","decl":{"start":{"line":24,"column":32},"end":{"line":24,"column":33}},"loc":{"start":{"line":24,"column":39},"end":{"line":26,"column":1}},"line":24},"2":{"name":"(anonymous_2)","decl":{"start":{"line":28,"column":39},"end":{"line":28,"column":40}},"loc":{"start":{"line":28,"column":45},"end":{"line":30,"column":1}},"line":28},"3":{"name":"(anonymous_3)","decl":{"start":{"line":32,"column":21},"end":{"line":32,"column":22}},"loc":{"start":{"line":32,"column":33},"end":{"line":37,"column":1}},"line":32},"4":{"name":"(anonymous_4)","decl":{"start":{"line":33,"column":28},"end":{"line":33,"column":29}},"loc":{"start":{"line":33,"column":34},"end":{"line":36,"column":3}},"line":33}},"branchMap":{"0":{"loc":{"start":{"line":6,"column":0},"end":{"line":10,"column":1}},"type":"if","locations":[{"start":{"line":6,"column":0},"end":{"line":10,"column":1}},{"start":{"line":6,"column":0},"end":{"line":10,"column":1}}],"line":6}},"s":{"0":1,"1":1,"2":1,"3":1,"4":1,"5":0,"6":1,"7":1,"8":1,"9":1,"10":0,"11":1,"12":1,"13":1,"14":0,"15":0,"16":0,"17":1},"f":{"0":1,"1":0,"2":1,"3":0,"4":0},"b":{"0":[1,0]},"_coverageSchema":"1a1c01bbd47fc00a2c39e90264f33305004495a9","hash":"b02fae51928a491f70ce69d18e5809e8b5a06958"}
,"D:\\len\\NODE.JS\\nodejs-homework-rest-api\\model\\user.js": {"path":"D:\\len\\NODE.JS\\nodejs-homework-rest-api\\model\\user.js","statementMap":{"0":{"start":{"line":1,"column":26},"end":{"line":1,"column":45}},"1":{"start":{"line":2,"column":25},"end":{"line":2,"column":56}},"2":{"start":{"line":3,"column":15},"end":{"line":3,"column":34}},"3":{"start":{"line":4,"column":11},"end":{"line":4,"column":30}},"4":{"start":{"line":5,"column":25},"end":{"line":5,"column":27}},"5":{"start":{"line":7,"column":19},"end":{"line":37,"column":2}},"6":{"start":{"line":12,"column":17},"end":{"line":12,"column":26}},"7":{"start":{"line":13,"column":6},"end":{"line":13,"column":28}},"8":{"start":{"line":21,"column":17},"end":{"line":21,"column":32}},"9":{"start":{"line":22,"column":6},"end":{"line":22,"column":50}},"10":{"start":{"line":34,"column":6},"end":{"line":34,"column":52}},"11":{"start":{"line":39,"column":0},"end":{"line":45,"column":3}},"12":{"start":{"line":40,"column":2},"end":{"line":43,"column":3}},"13":{"start":{"line":41,"column":17},"end":{"line":41,"column":55}},"14":{"start":{"line":42,"column":4},"end":{"line":42,"column":59}},"15":{"start":{"line":44,"column":2},"end":{"line":44,"column":9}},"16":{"start":{"line":47,"column":0},"end":{"line":49,"column":2}},"17":{"start":{"line":48,"column":2},"end":{"line":48,"column":55}},"18":{"start":{"line":51,"column":13},"end":{"line":51,"column":38}},"19":{"start":{"line":53,"column":0},"end":{"line":53,"column":22}}},"fnMap":{"0":{"name":"(anonymous_0)","decl":{"start":{"line":11,"column":4},"end":{"line":11,"column":5}},"loc":{"start":{"line":11,"column":20},"end":{"line":14,"column":5}},"line":11},"1":{"name":"(anonymous_1)","decl":{"start":{"line":20,"column":4},"end":{"line":20,"column":5}},"loc":{"start":{"line":20,"column":20},"end":{"line":23,"column":5}},"line":20},"2":{"name":"(anonymous_2)","decl":{"start":{"line":33,"column":13},"end":{"line":33,"column":14}},"loc":{"start":{"line":33,"column":25},"end":{"line":35,"column":5}},"line":33},"3":{"name":"(anonymous_3)","decl":{"start":{"line":39,"column":23},"end":{"line":39,"column":24}},"loc":{"start":{"line":39,"column":45},"end":{"line":45,"column":1}},"line":39},"4":{"name":"(anonymous_4)","decl":{"start":{"line":47,"column":37},"end":{"line":47,"column":38}},"loc":{"start":{"line":47,"column":63},"end":{"line":49,"column":1}},"line":47}},"branchMap":{"0":{"loc":{"start":{"line":40,"column":2},"end":{"line":43,"column":3}},"type":"if","locations":[{"start":{"line":40,"column":2},"end":{"line":43,"column":3}},{"start":{"line":40,"column":2},"end":{"line":43,"column":3}}],"line":40}},"s":{"0":2,"1":2,"2":2,"3":2,"4":2,"5":2,"6":1,"7":1,"8":1,"9":1,"10":1,"11":2,"12":1,"13":1,"14":1,"15":1,"16":2,"17":1,"18":2,"19":2},"f":{"0":1,"1":1,"2":1,"3":1,"4":1},"b":{"0":[1,0]},"_coverageSchema":"1a1c01bbd47fc00a2c39e90264f33305004495a9","hash":"1c2b2c581b233f470659a0c272b92dd59e98ca75"}
,"D:\\len\\NODE.JS\\nodejs-homework-rest-api\\repositories\\contacts.js": {"path":"D:\\len\\NODE.JS\\nodejs-homework-rest-api\\repositories\\contacts.js","statementMap":{"0":{"start":{"line":1,"column":16},"end":{"line":1,"column":43}},"1":{"start":{"line":3,"column":21},"end":{"line":33,"column":1}},"2":{"start":{"line":16,"column":6},"end":{"line":16,"column":11}},"3":{"start":{"line":18,"column":24},"end":{"line":18,"column":41}},"4":{"start":{"line":19,"column":2},"end":{"line":21,"column":3}},"5":{"start":{"line":20,"column":4},"end":{"line":20,"column":39}},"6":{"start":{"line":22,"column":18},"end":{"line":31,"column":4}},"7":{"start":{"line":32,"column":2},"end":{"line":32,"column":17}},"8":{"start":{"line":35,"column":23},"end":{"line":41,"column":1}},"9":{"start":{"line":36,"column":17},"end":{"line":39,"column":4}},"10":{"start":{"line":40,"column":2},"end":{"line":40,"column":16}},"11":{"start":{"line":43,"column":22},"end":{"line":46,"column":1}},"12":{"start":{"line":44,"column":17},"end":{"line":44,"column":75}},"13":{"start":{"line":45,"column":2},"end":{"line":45,"column":16}},"14":{"start":{"line":48,"column":19},"end":{"line":51,"column":1}},"15":{"start":{"line":49,"column":17},"end":{"line":49,"column":65}},"16":{"start":{"line":50,"column":2},"end":{"line":50,"column":16}},"17":{"start":{"line":53,"column":22},"end":{"line":60,"column":1}},"18":{"start":{"line":54,"column":17},"end":{"line":58,"column":3}},"19":{"start":{"line":59,"column":2},"end":{"line":59,"column":16}},"20":{"start":{"line":62,"column":0},"end":{"line":68,"column":2}}},"fnMap":{"0":{"name":"(anonymous_0)","decl":{"start":{"line":3,"column":21},"end":{"line":3,"column":22}},"loc":{"start":{"line":3,"column":46},"end":{"line":33,"column":1}},"line":3},"1":{"name":"(anonymous_1)","decl":{"start":{"line":35,"column":23},"end":{"line":35,"column":24}},"loc":{"start":{"line":35,"column":45},"end":{"line":41,"column":1}},"line":35},"2":{"name":"(anonymous_2)","decl":{"start":{"line":43,"column":22},"end":{"line":43,"column":23}},"loc":{"start":{"line":43,"column":44},"end":{"line":46,"column":1}},"line":43},"3":{"name":"(anonymous_3)","decl":{"start":{"line":48,"column":19},"end":{"line":48,"column":20}},"loc":{"start":{"line":48,"column":43},"end":{"line":51,"column":1}},"line":48},"4":{"name":"(anonymous_4)","decl":{"start":{"line":53,"column":22},"end":{"line":53,"column":23}},"loc":{"start":{"line":53,"column":50},"end":{"line":60,"column":1}},"line":53}},"branchMap":{"0":{"loc":{"start":{"line":13,"column":4},"end":{"line":13,"column":20}},"type":"default-arg","locations":[{"start":{"line":13,"column":16},"end":{"line":13,"column":20}}],"line":13},"1":{"loc":{"start":{"line":14,"column":4},"end":{"line":14,"column":14}},"type":"default-arg","locations":[{"start":{"line":14,"column":12},"end":{"line":14,"column":14}}],"line":14},"2":{"loc":{"start":{"line":15,"column":4},"end":{"line":15,"column":14}},"type":"default-arg","locations":[{"start":{"line":15,"column":13},"end":{"line":15,"column":14}}],"line":15},"3":{"loc":{"start":{"line":19,"column":2},"end":{"line":21,"column":3}},"type":"if","locations":[{"start":{"line":19,"column":2},"end":{"line":21,"column":3}},{"start":{"line":19,"column":2},"end":{"line":21,"column":3}}],"line":19},"4":{"loc":{"start":{"line":26,"column":10},"end":{"line":26,"column":44}},"type":"cond-expr","locations":[{"start":{"line":26,"column":19},"end":{"line":26,"column":39}},{"start":{"line":26,"column":42},"end":{"line":26,"column":44}}],"line":26},"5":{"loc":{"start":{"line":27,"column":10},"end":{"line":27,"column":53}},"type":"cond-expr","locations":[{"start":{"line":27,"column":23},"end":{"line":27,"column":48}},{"start":{"line":27,"column":51},"end":{"line":27,"column":53}}],"line":27},"6":{"loc":{"start":{"line":29,"column":12},"end":{"line":29,"column":53}},"type":"cond-expr","locations":[{"start":{"line":29,"column":21},"end":{"line":29,"column":48}},{"start":{"line":29,"column":51},"end":{"line":29,"column":53}}],"line":29}},"s":{"0":1,"1":1,"2":0,"3":0,"4":0,"5":0,"6":0,"7":0,"8":1,"9":0,"10":0,"11":1,"12":0,"13":0,"14":1,"15":0,"16":0,"17":1,"18":0,"19":0,"20":1},"f":{"0":0,"1":0,"2":0,"3":0,"4":0},"b":{"0":[0],"1":[0],"2":[0],"3":[0,0],"4":[0,0],"5":[0,0],"6":[0,0]},"_coverageSchema":"1a1c01bbd47fc00a2c39e90264f33305004495a9","hash":"6dd2b245a8de192a9a66c968b58f3ef692d35164"}
,"D:\\len\\NODE.JS\\nodejs-homework-rest-api\\repositories\\users.js": {"path":"D:\\len\\NODE.JS\\nodejs-homework-rest-api\\repositories\\users.js","statementMap":{"0":{"start":{"line":1,"column":13},"end":{"line":1,"column":37}},"1":{"start":{"line":3,"column":17},"end":{"line":5,"column":1}},"2":{"start":{"line":4,"column":2},"end":{"line":4,"column":33}},"3":{"start":{"line":7,"column":20},"end":{"line":9,"column":1}},"4":{"start":{"line":8,"column":2},"end":{"line":8,"column":39}},"5":{"start":{"line":11,"column":15},"end":{"line":14,"column":1}},"6":{"start":{"line":12,"column":15},"end":{"line":12,"column":29}},"7":{"start":{"line":13,"column":2},"end":{"line":13,"column":27}},"8":{"start":{"line":16,"column":20},"end":{"line":18,"column":1}},"9":{"start":{"line":17,"column":2},"end":{"line":17,"column":54}},"10":{"start":{"line":20,"column":18},"end":{"line":22,"column":1}},"11":{"start":{"line":21,"column":2},"end":{"line":21,"column":79}},"12":{"start":{"line":24,"column":21},"end":{"line":26,"column":1}},"13":{"start":{"line":25,"column":2},"end":{"line":25,"column":55}},"14":{"start":{"line":27,"column":0},"end":{"line":34,"column":2}}},"fnMap":{"0":{"name":"(anonymous_0)","decl":{"start":{"line":3,"column":17},"end":{"line":3,"column":18}},"loc":{"start":{"line":3,"column":31},"end":{"line":5,"column":1}},"line":3},"1":{"name":"(anonymous_1)","decl":{"start":{"line":7,"column":20},"end":{"line":7,"column":21}},"loc":{"start":{"line":7,"column":37},"end":{"line":9,"column":1}},"line":7},"2":{"name":"(anonymous_2)","decl":{"start":{"line":11,"column":15},"end":{"line":11,"column":16}},"loc":{"start":{"line":11,"column":31},"end":{"line":14,"column":1}},"line":11},"3":{"name":"(anonymous_3)","decl":{"start":{"line":16,"column":20},"end":{"line":16,"column":21}},"loc":{"start":{"line":16,"column":41},"end":{"line":18,"column":1}},"line":16},"4":{"name":"(anonymous_4)","decl":{"start":{"line":20,"column":18},"end":{"line":20,"column":19}},"loc":{"start":{"line":20,"column":37},"end":{"line":22,"column":1}},"line":20},"5":{"name":"(anonymous_5)","decl":{"start":{"line":24,"column":21},"end":{"line":24,"column":22}},"loc":{"start":{"line":24,"column":43},"end":{"line":26,"column":1}},"line":24}},"branchMap":{},"s":{"0":2,"1":2,"2":1,"3":2,"4":3,"5":2,"6":1,"7":1,"8":2,"9":1,"10":2,"11":0,"12":2,"13":1,"14":2},"f":{"0":1,"1":3,"2":1,"3":1,"4":0,"5":1},"b":{},"_coverageSchema":"1a1c01bbd47fc00a2c39e90264f33305004495a9","hash":"6bd3573f3d3a3de5914c4150dceb2708dfb4fc46"}
,"D:\\len\\NODE.JS\\nodejs-homework-rest-api\\routes\\api\\index.js": {"path":"D:\\len\\NODE.JS\\nodejs-homework-rest-api\\routes\\api\\index.js","statementMap":{"0":{"start":{"line":1,"column":16},"end":{"line":1,"column":34}},"1":{"start":{"line":2,"column":15},"end":{"line":2,"column":31}},"2":{"start":{"line":4,"column":0},"end":{"line":4,"column":41}},"3":{"start":{"line":5,"column":0},"end":{"line":5,"column":47}},"4":{"start":{"line":7,"column":0},"end":{"line":7,"column":24}}},"fnMap":{},"branchMap":{},"s":{"0":1,"1":1,"2":1,"3":1,"4":1},"f":{},"b":{},"_coverageSchema":"1a1c01bbd47fc00a2c39e90264f33305004495a9","hash":"e4ca1edafc0403db1a2317024a1e82c15fececd0"}
,"D:\\len\\NODE.JS\\nodejs-homework-rest-api\\routes\\api\\contacts\\index.js": {"path":"D:\\len\\NODE.JS\\nodejs-homework-rest-api\\routes\\api\\contacts\\index.js","statementMap":{"0":{"start":{"line":1,"column":16},"end":{"line":1,"column":34}},"1":{"start":{"line":2,"column":15},"end":{"line":2,"column":31}},"2":{"start":{"line":3,"column":13},"end":{"line":3,"column":53}},"3":{"start":{"line":4,"column":14},"end":{"line":4,"column":47}},"4":{"start":{"line":11,"column":4},"end":{"line":11,"column":25}},"5":{"start":{"line":13,"column":0},"end":{"line":16,"column":3}},"6":{"start":{"line":14,"column":2},"end":{"line":14,"column":23}},"7":{"start":{"line":15,"column":2},"end":{"line":15,"column":9}},"8":{"start":{"line":25,"column":0},"end":{"line":27,"column":58}},"9":{"start":{"line":29,"column":0},"end":{"line":32,"column":72}},"10":{"start":{"line":34,"column":0},"end":{"line":34,"column":74}},"11":{"start":{"line":36,"column":0},"end":{"line":36,"column":24}}},"fnMap":{"0":{"name":"(anonymous_0)","decl":{"start":{"line":13,"column":11},"end":{"line":13,"column":12}},"loc":{"start":{"line":13,"column":31},"end":{"line":16,"column":1}},"line":13}},"branchMap":{},"s":{"0":1,"1":1,"2":1,"3":1,"4":1,"5":1,"6":0,"7":0,"8":1,"9":1,"10":1,"11":1},"f":{"0":0},"b":{},"_coverageSchema":"1a1c01bbd47fc00a2c39e90264f33305004495a9","hash":"b8303aafe65dcf4963ec3b21256df8b0858dd0ac"}
,"D:\\len\\NODE.JS\\nodejs-homework-rest-api\\routes\\api\\contacts\\validate.js": {"path":"D:\\len\\NODE.JS\\nodejs-homework-rest-api\\routes\\api\\contacts\\validate.js","statementMap":{"0":{"start":{"line":1,"column":12},"end":{"line":1,"column":26}},"1":{"start":{"line":2,"column":17},"end":{"line":2,"column":36}},"2":{"start":{"line":4,"column":28},"end":{"line":13,"column":2}},"3":{"start":{"line":15,"column":28},"end":{"line":24,"column":9}},"4":{"start":{"line":26,"column":27},"end":{"line":28,"column":2}},"5":{"start":{"line":30,"column":17},"end":{"line":40,"column":1}},"6":{"start":{"line":31,"column":2},"end":{"line":39,"column":3}},"7":{"start":{"line":32,"column":4},"end":{"line":32,"column":36}},"8":{"start":{"line":33,"column":4},"end":{"line":33,"column":11}},"9":{"start":{"line":35,"column":4},"end":{"line":38,"column":7}},"10":{"start":{"line":42,"column":0},"end":{"line":62,"column":2}},"11":{"start":{"line":44,"column":4},"end":{"line":44,"column":57}},"12":{"start":{"line":47,"column":4},"end":{"line":47,"column":57}},"13":{"start":{"line":50,"column":4},"end":{"line":50,"column":56}},"14":{"start":{"line":53,"column":4},"end":{"line":58,"column":5}},"15":{"start":{"line":54,"column":6},"end":{"line":57,"column":9}},"16":{"start":{"line":60,"column":4},"end":{"line":60,"column":11}}},"fnMap":{"0":{"name":"(anonymous_0)","decl":{"start":{"line":30,"column":17},"end":{"line":30,"column":18}},"loc":{"start":{"line":30,"column":46},"end":{"line":40,"column":1}},"line":30},"1":{"name":"(anonymous_1)","decl":{"start":{"line":43,"column":27},"end":{"line":43,"column":28}},"loc":{"start":{"line":43,"column":47},"end":{"line":45,"column":3}},"line":43},"2":{"name":"(anonymous_2)","decl":{"start":{"line":46,"column":20},"end":{"line":46,"column":21}},"loc":{"start":{"line":46,"column":40},"end":{"line":48,"column":3}},"line":46},"3":{"name":"(anonymous_3)","decl":{"start":{"line":49,"column":26},"end":{"line":49,"column":27}},"loc":{"start":{"line":49,"column":46},"end":{"line":51,"column":3}},"line":49},"4":{"name":"(anonymous_4)","decl":{"start":{"line":52,"column":19},"end":{"line":52,"column":20}},"loc":{"start":{"line":52,"column":39},"end":{"line":61,"column":3}},"line":52}},"branchMap":{"0":{"loc":{"start":{"line":53,"column":4},"end":{"line":58,"column":5}},"type":"if","locations":[{"start":{"line":53,"column":4},"end":{"line":58,"column":5}},{"start":{"line":53,"column":4},"end":{"line":58,"column":5}}],"line":53}},"s":{"0":1,"1":1,"2":1,"3":1,"4":1,"5":1,"6":0,"7":0,"8":0,"9":0,"10":1,"11":0,"12":0,"13":0,"14":0,"15":0,"16":0},"f":{"0":0,"1":0,"2":0,"3":0,"4":0},"b":{"0":[0,0]},"_coverageSchema":"1a1c01bbd47fc00a2c39e90264f33305004495a9","hash":"564aad265a373a248b27b806ff34877c81791638"}
,"D:\\len\\NODE.JS\\nodejs-homework-rest-api\\routes\\api\\users\\index.js": {"path":"D:\\len\\NODE.JS\\nodejs-homework-rest-api\\routes\\api\\users\\index.js","statementMap":{"0":{"start":{"line":1,"column":16},"end":{"line":1,"column":34}},"1":{"start":{"line":2,"column":15},"end":{"line":2,"column":31}},"2":{"start":{"line":3,"column":13},"end":{"line":3,"column":50}},"3":{"start":{"line":4,"column":14},"end":{"line":4,"column":47}},"4":{"start":{"line":5,"column":15},"end":{"line":5,"column":49}},"5":{"start":{"line":7,"column":0},"end":{"line":7,"column":47}},"6":{"start":{"line":8,"column":0},"end":{"line":8,"column":54}},"7":{"start":{"line":9,"column":0},"end":{"line":9,"column":36}},"8":{"start":{"line":10,"column":0},"end":{"line":10,"column":34}},"9":{"start":{"line":11,"column":0},"end":{"line":11,"column":36}},"10":{"start":{"line":12,"column":0},"end":{"line":12,"column":71}},"11":{"start":{"line":14,"column":0},"end":{"line":14,"column":24}}},"fnMap":{},"branchMap":{},"s":{"0":1,"1":1,"2":1,"3":1,"4":1,"5":1,"6":1,"7":1,"8":1,"9":1,"10":1,"11":1},"f":{},"b":{},"_coverageSchema":"1a1c01bbd47fc00a2c39e90264f33305004495a9","hash":"22c1f59ac3914b672afb356ef957bbf8aab43904"}
,"D:\\len\\NODE.JS\\nodejs-homework-rest-api\\services\\local-upload.js": {"path":"D:\\len\\NODE.JS\\nodejs-homework-rest-api\\services\\local-upload.js","statementMap":{"0":{"start":{"line":1,"column":13},"end":{"line":1,"column":28}},"1":{"start":{"line":2,"column":13},"end":{"line":2,"column":28}},"2":{"start":{"line":3,"column":11},"end":{"line":3,"column":33}},"3":{"start":{"line":4,"column":31},"end":{"line":4,"column":66}},"4":{"start":{"line":8,"column":4},"end":{"line":8,"column":39}},"5":{"start":{"line":12,"column":16},"end":{"line":12,"column":41}},"6":{"start":{"line":13,"column":4},"end":{"line":20,"column":28}},"7":{"start":{"line":24,"column":4},"end":{"line":24,"column":42}},"8":{"start":{"line":25,"column":29},"end":{"line":25,"column":66}},"9":{"start":{"line":26,"column":4},"end":{"line":26,"column":51}},"10":{"start":{"line":27,"column":4},"end":{"line":27,"column":75}},"11":{"start":{"line":28,"column":4},"end":{"line":28,"column":60}},"12":{"start":{"line":32,"column":0},"end":{"line":32,"column":37}}},"fnMap":{"0":{"name":"(anonymous_0)","decl":{"start":{"line":7,"column":2},"end":{"line":7,"column":3}},"loc":{"start":{"line":7,"column":29},"end":{"line":9,"column":3}},"line":7},"1":{"name":"(anonymous_1)","decl":{"start":{"line":11,"column":2},"end":{"line":11,"column":3}},"loc":{"start":{"line":11,"column":34},"end":{"line":21,"column":3}},"line":11},"2":{"name":"(anonymous_2)","decl":{"start":{"line":23,"column":2},"end":{"line":23,"column":3}},"loc":{"start":{"line":23,"column":37},"end":{"line":29,"column":3}},"line":23}},"branchMap":{},"s":{"0":1,"1":1,"2":1,"3":1,"4":1,"5":1,"6":1,"7":1,"8":1,"9":1,"10":1,"11":1,"12":1},"f":{"0":1,"1":1,"2":1},"b":{},"_coverageSchema":"1a1c01bbd47fc00a2c39e90264f33305004495a9","hash":"ffa3a0e5df7949ac27f9a4fa369457872ef58c32"}
,"D:\\len\\NODE.JS\\nodejs-homework-rest-api\\test\\data\\data.js": {"path":"D:\\len\\NODE.JS\\nodejs-homework-rest-api\\test\\data\\data.js","statementMap":{"0":{"start":{"line":1,"column":16},"end":{"line":5,"column":1}},"1":{"start":{"line":7,"column":20},"end":{"line":11,"column":1}},"2":{"start":{"line":13,"column":0},"end":{"line":13,"column":42}}},"fnMap":{},"branchMap":{},"s":{"0":1,"1":1,"2":1},"f":{},"b":{},"_coverageSchema":"1a1c01bbd47fc00a2c39e90264f33305004495a9","hash":"40075d0533e212be4cac4e42d22aae4049448395"}
}
